<?xml version="1.0" encoding="UTF-8"?>
<!-- Generated by org.testng.reporters.JUnitReportReporter -->
<testsuite skipped="0" hostname="LAPTOP-S1LVCJIH" name="com.Sprint1.Tc02_ValidateInvalidEmailAddress" tests="1" failures="0" timestamp="07 Jan 2019 02:24:49 GMT" time="29.107" errors="0">
  <testcase name="validate_InvalidEmailId" time="29.107" classname="com.Sprint1.Tc02_ValidateInvalidEmailAddress"/>
</testsuite> <!-- com.Sprint1.Tc02_ValidateInvalidEmailAddress -->
