<?xml version="1.0" encoding="UTF-8"?>
<!-- Generated by org.testng.reporters.JUnitReportReporter -->
<testsuite skipped="0" hostname="LAPTOP-S1LVCJIH" name="com.TestCases.Test01" tests="1" failures="0" timestamp="29 Dec 2018 02:32:25 GMT" time="0.011" errors="0">
  <testcase name="test1" time="0.011" classname="com.TestCases.Test01"/>
</testsuite> <!-- com.TestCases.Test01 -->
