<?xml version="1.0" encoding="UTF-8"?>
<!-- Generated by org.testng.reporters.JUnitReportReporter -->
<testsuite skipped="0" hostname="LAPTOP-S1LVCJIH" name="com.TestCases.Tc_01" tests="2" failures="0" timestamp="27 Dec 2018 02:23:35 GMT" time="0.004" errors="0">
  <testcase name="launchapp" time="0.003" classname="com.TestCases.Tc_01"/>
  <testcase name="validateGUI" time="0.001" classname="com.TestCases.Tc_01"/>
</testsuite> <!-- com.TestCases.Tc_01 -->
