<?xml version="1.0" encoding="UTF-8"?>
<!-- Generated by org.testng.reporters.JUnitReportReporter -->
<testsuite skipped="0" hostname="LAPTOP-S1LVCJIH" name="com.TestCases.Tc_02" tests="1" failures="0" timestamp="27 Dec 2018 02:23:35 GMT" time="0.016" errors="0">
  <testcase name="RegisterUser" time="0.016" classname="com.TestCases.Tc_02"/>
</testsuite> <!-- com.TestCases.Tc_02 -->
