<?xml version="1.0" encoding="UTF-8"?>
<!-- Generated by org.testng.reporters.JUnitReportReporter -->
<testsuite skipped="0" hostname="LAPTOP-S1LVCJIH" name="com.TestCases.Tc_03" tests="1" failures="0" timestamp="27 Dec 2018 01:56:33 GMT" time="0.004" errors="0">
  <testcase name="deleteUser" time="0.004" classname="com.TestCases.Tc_03"/>
</testsuite> <!-- com.TestCases.Tc_03 -->
