<?xml version="1.0" encoding="UTF-8"?>
<!-- Generated by org.testng.reporters.JUnitReportReporter -->
<testsuite skipped="0" hostname="LAPTOP-S1LVCJIH" name="com.Sprint1.Tc01_ValidateSignin" tests="1" failures="0" timestamp="07 Jan 2019 02:24:49 GMT" time="25.820" errors="0">
  <testcase name="validate_Sigin" time="25.820" classname="com.Sprint1.Tc01_ValidateSignin"/>
</testsuite> <!-- com.Sprint1.Tc01_ValidateSignin -->
