<?xml version="1.0" encoding="UTF-8"?>
<!-- Generated by org.testng.reporters.JUnitReportReporter -->
<testsuite skipped="0" hostname="LAPTOP-S1LVCJIH" name="com.TestCases.Test2" tests="1" failures="0" timestamp="29 Dec 2018 02:32:25 GMT" time="0.005" errors="0">
  <testcase name="test2" time="0.005" classname="com.TestCases.Test2"/>
</testsuite> <!-- com.TestCases.Test2 -->
