<?xml version="1.0" encoding="UTF-8"?>
<!-- Generated by org.testng.reporters.JUnitReportReporter -->
<testsuite skipped="0" hostname="LAPTOP-S1LVCJIH" name="com.TestCases.UnderstandAnnotations" tests="1" failures="0" timestamp="29 Dec 2018 02:15:06 GMT" time="0.008" errors="0">
  <testcase name="test1" time="0.008" classname="com.TestCases.UnderstandAnnotations"/>
</testsuite> <!-- com.TestCases.UnderstandAnnotations -->
